<?xml version="1.0" encoding="UTF-8"?>
<!-- Generated by org.testng.reporters.JUnitReportReporter -->
<testsuite name="org.pom.TestCaller" tests="1" time="0.008" ignored="1" failures="0" timestamp="18 Feb 2017 15:47:00 GMT" skipped="0" hostname="RSBELV5NB000252" errors="0">
  <testcase name="Method1" time="0.008" classname="org.pom.TestCaller"/>
  <testcase name="Method2" classname="org.pom.TestCaller">
    <skipped/>
  </testcase> <!-- Method2 -->
</testsuite> <!-- org.pom.TestCaller -->
